2025-01-09 17:53:12 [INFO]: Fetching all categories...
2025-01-09 17:53:12 [INFO]: Fetched 6 categories successfully
2025-01-09 17:53:29 [INFO]: Starting category creation...
2025-01-09 17:56:38 [INFO]: Starting category creation...
2025-01-09 17:58:09 [INFO]: Starting category creation...
2025-01-09 17:58:24 [INFO]: Deleting category with ID: 677f63544f906a3c064579d7
2025-01-09 17:58:24 [ERROR]: Category not found for deletion
2025-01-09 18:00:10 [INFO]: Starting category creation...
2025-01-09 18:02:12 [INFO]: Fetching all categories...
2025-01-09 18:02:12 [INFO]: Fetched 6 categories successfully
2025-01-09 18:02:15 [INFO]: Fetching all categories...
2025-01-09 18:02:15 [INFO]: Fetched 6 categories successfully
2025-01-09 18:05:33 [INFO]: Fetching all categories...
2025-01-09 18:05:33 [INFO]: Fetched 6 categories successfully
2025-01-09 18:05:40 [INFO]: Fetching all categories...
2025-01-09 18:05:40 [INFO]: Fetched 6 categories successfully
2025-01-09 18:48:51 [INFO]: Fetching all categories...
2025-01-09 18:48:52 [INFO]: Fetched 6 categories successfully
2025-01-09 18:48:55 [INFO]: Fetching all categories...
2025-01-09 18:48:55 [INFO]: Fetched 6 categories successfully
2025-01-09 18:48:56 [INFO]: Fetching all categories...
2025-01-09 18:48:56 [INFO]: Fetched 6 categories successfully
2025-01-09 18:51:58 [INFO]: Fetching category by ID: 677f762112045323dda00359
2025-01-09 18:51:58 [INFO]: Category fetched successfully: 677f762112045323dda00359
